Using pre-set license
Built from '2020.3/staging' branch; Version is '2020.3.5f1 (8095aa901b9b) revision 8426922'; Using compiler version '192528614'; Build Type 'Release'
OS: 'Windows 10 Education; OS build 19041.928; Version 2004; 64bit' Language: 'fr' Physical Memory: 16264 MB
BatchMode: 1, IsHumanControllingUs: 0, StartBugReporterOnCrash: 0, Is64bit: 1, IsPro: 0

 COMMAND LINE ARGUMENTS:
C:\Program Files\Unity\Hub\Editor\2020.3.5f1\Editor\Unity.exe
-adb2
-batchMode
-noUpm
-name
AssetImportWorker1
-projectPath
C:/Users/S0ME0NE/Desktop/2d pro-gen
-logFile
Logs/AssetImportWorker1.log
-srvPort
50636
Successfully changed project path to: C:/Users/S0ME0NE/Desktop/2d pro-gen
C:/Users/S0ME0NE/Desktop/2d pro-gen
Using Asset Import Pipeline V2.
Refreshing native plugins compatible for Editor in 117.59 ms, found 1 plugins.
Preloading 0 native plugins for Editor in 0.00 ms.
Initialize engine version: 2020.3.5f1 (8095aa901b9b)
[Subsystems] Discovering subsystems at path C:/Program Files/Unity/Hub/Editor/2020.3.5f1/Editor/Data/Resources/UnitySubsystems
[Subsystems] Discovering subsystems at path C:/Users/S0ME0NE/Desktop/2d pro-gen/Assets
GfxDevice: creating device client; threaded=0
Direct3D:
    Version:  Direct3D 11.0 [level 11.1]
    Renderer: Intel(R) HD Graphics 530 (ID=0x1912)
    Vendor:   
    VRAM:     8132 MB
    Driver:   27.20.100.8854
Initialize mono
Mono path[0] = 'C:/Program Files/Unity/Hub/Editor/2020.3.5f1/Editor/Data/Managed'
Mono path[1] = 'C:/Program Files/Unity/Hub/Editor/2020.3.5f1/Editor/Data/MonoBleedingEdge/lib/mono/unityjit'
Mono config path = 'C:/Program Files/Unity/Hub/Editor/2020.3.5f1/Editor/Data/MonoBleedingEdge/etc'
Using monoOptions --debugger-agent=transport=dt_socket,embedding=1,server=y,suspend=n,address=127.0.0.1:56676
Begin MonoManager ReloadAssembly
Registering precompiled unity dll's ...
Register platform support module: C:/Program Files/Unity/Hub/Editor/2020.3.5f1/Editor/Data/PlaybackEngines/WindowsStandaloneSupport/UnityEditor.WindowsStandalone.Extensions.dll
Registered in 0.002826 seconds.
Native extension for WindowsStandalone target not found
Refreshing native plugins compatible for Editor in 49.73 ms, found 1 plugins.
Preloading 0 native plugins for Editor in 0.00 ms.
Mono: successfully reloaded assembly
- Completed reload, in  1.863 seconds
Platform modules already initialized, skipping
Registering precompiled user dll's ...
Registered in 0.001121 seconds.
Begin MonoManager ReloadAssembly
Native extension for WindowsStandalone target not found
Refreshing native plugins compatible for Editor in 46.88 ms, found 1 plugins.
Preloading 0 native plugins for Editor in 0.00 ms.
Mono: successfully reloaded assembly
- Completed reload, in  1.926 seconds
Platform modules already initialized, skipping
========================================================================
Worker process is ready to serve import requests
Launched and connected shader compiler UnityShaderCompiler.exe after 0.10 seconds
Refreshing native plugins compatible for Editor in 0.46 ms, found 1 plugins.
Preloading 0 native plugins for Editor in 0.00 ms.
Unloading 1809 Unused Serialized files (Serialized files now loaded: 0)
System memory in use before: 85.3 MB.
System memory in use after: 85.4 MB.

Unloading 19 unused Assets to reduce memory usage. Loaded Objects now: 2260.
Total: 4.498500 ms (FindLiveObjects: 0.308600 ms CreateObjectMapping: 0.104700 ms MarkObjects: 3.997400 ms  DeleteObjects: 0.085600 ms)

========================================================================
Received Import Request.
  path: Assets/PlateForm.cs
  artifactKey: Guid(914e5d91da3064d40baebcf111d213fb) Importer(815301076,1909f56bfc062723c751e8b465ee728b)
Start importing Assets/PlateForm.cs using Guid(914e5d91da3064d40baebcf111d213fb) Importer(815301076,1909f56bfc062723c751e8b465ee728b)  -> (artifact id: 'b31227a874aad44555a9397c44fc59d8') in 0.059467 seconds
  Import took 0.062810 seconds .

========================================================================
Received Import Request.
  Time since last request: 144.070750 seconds.
  path: Assets/PlateForm.cs
  artifactKey: Guid(914e5d91da3064d40baebcf111d213fb) Importer(815301076,1909f56bfc062723c751e8b465ee728b)
Start importing Assets/PlateForm.cs using Guid(914e5d91da3064d40baebcf111d213fb) Importer(815301076,1909f56bfc062723c751e8b465ee728b)  -> (artifact id: 'fee71d9da003da60c04c3007a889a6ca') in 0.024590 seconds
  Import took 0.029827 seconds .

========================================================================
Received Import Request.
  Time since last request: 0.003438 seconds.
  path: Assets/PlateForm.cs
  artifactKey: Guid(914e5d91da3064d40baebcf111d213fb) Importer(815301076,1909f56bfc062723c751e8b465ee728b)
Start importing Assets/PlateForm.cs using Guid(914e5d91da3064d40baebcf111d213fb) Importer(815301076,1909f56bfc062723c751e8b465ee728b)  -> (artifact id: 'fee71d9da003da60c04c3007a889a6ca') in 0.007738 seconds
  Import took 0.011808 seconds .

========================================================================
Received Prepare
Registering precompiled user dll's ...
Registered in 0.001171 seconds.
Begin MonoManager ReloadAssembly
Native extension for WindowsStandalone target not found
Refreshing native plugins compatible for Editor in 0.49 ms, found 1 plugins.
Preloading 0 native plugins for Editor in 0.00 ms.
Mono: successfully reloaded assembly
- Completed reload, in  1.272 seconds
Platform modules already initialized, skipping
Refreshing native plugins compatible for Editor in 0.37 ms, found 1 plugins.
Preloading 0 native plugins for Editor in 0.00 ms.
Unloading 1799 Unused Serialized files (Serialized files now loaded: 0)
System memory in use before: 84.7 MB.
System memory in use after: 84.9 MB.

Unloading 7 unused Assets to reduce memory usage. Loaded Objects now: 2264.
Total: 2.255000 ms (FindLiveObjects: 0.231800 ms CreateObjectMapping: 0.077600 ms MarkObjects: 1.920800 ms  DeleteObjects: 0.023200 ms)

========================================================================
Received Prepare
Registering precompiled user dll's ...
Registered in 0.001202 seconds.
Begin MonoManager ReloadAssembly
Native extension for WindowsStandalone target not found
Refreshing native plugins compatible for Editor in 0.47 ms, found 1 plugins.
Preloading 0 native plugins for Editor in 0.00 ms.
Mono: successfully reloaded assembly
- Completed reload, in  1.376 seconds
Platform modules already initialized, skipping
Refreshing native plugins compatible for Editor in 0.46 ms, found 1 plugins.
Preloading 0 native plugins for Editor in 0.00 ms.
Unloading 1799 Unused Serialized files (Serialized files now loaded: 0)
System memory in use before: 84.8 MB.
System memory in use after: 84.9 MB.

Unloading 7 unused Assets to reduce memory usage. Loaded Objects now: 2268.
Total: 2.170700 ms (FindLiveObjects: 0.221800 ms CreateObjectMapping: 0.107700 ms MarkObjects: 1.819300 ms  DeleteObjects: 0.020600 ms)

========================================================================
Received Import Request.
  Time since last request: 149.775273 seconds.
  path: Assets/Plateform.prefab
  artifactKey: Guid(d730fce1c4c094575ba36cbe6f0a58c5) Importer(815301076,1909f56bfc062723c751e8b465ee728b)
Start importing Assets/Plateform.prefab using Guid(d730fce1c4c094575ba36cbe6f0a58c5) Importer(815301076,1909f56bfc062723c751e8b465ee728b)  -> (artifact id: '4cc5d584e845977619b2aba6fdfd6948') in 0.109683 seconds
  Import took 0.113346 seconds .

========================================================================
Received Prepare
Registering precompiled user dll's ...
Registered in 0.001318 seconds.
Begin MonoManager ReloadAssembly
Native extension for WindowsStandalone target not found
Refreshing native plugins compatible for Editor in 0.38 ms, found 1 plugins.
Preloading 0 native plugins for Editor in 0.00 ms.
Mono: successfully reloaded assembly
- Completed reload, in  1.264 seconds
Platform modules already initialized, skipping
Refreshing native plugins compatible for Editor in 0.37 ms, found 1 plugins.
Preloading 0 native plugins for Editor in 0.00 ms.
Unloading 1799 Unused Serialized files (Serialized files now loaded: 0)
System memory in use before: 87.9 MB.
System memory in use after: 88.0 MB.

Unloading 7 unused Assets to reduce memory usage. Loaded Objects now: 2279.
Total: 2.169400 ms (FindLiveObjects: 0.238400 ms CreateObjectMapping: 0.131200 ms MarkObjects: 1.782100 ms  DeleteObjects: 0.016400 ms)

========================================================================
Received Prepare
Registering precompiled user dll's ...
Registered in 0.001484 seconds.
Begin MonoManager ReloadAssembly
Native extension for WindowsStandalone target not found
Refreshing native plugins compatible for Editor in 0.56 ms, found 1 plugins.
Preloading 0 native plugins for Editor in 0.00 ms.
Mono: successfully reloaded assembly
- Completed reload, in  1.968 seconds
Platform modules already initialized, skipping
Refreshing native plugins compatible for Editor in 0.42 ms, found 1 plugins.
Preloading 0 native plugins for Editor in 0.00 ms.
Unloading 1799 Unused Serialized files (Serialized files now loaded: 0)
System memory in use before: 87.9 MB.
System memory in use after: 88.0 MB.

Unloading 7 unused Assets to reduce memory usage. Loaded Objects now: 2283.
Total: 2.174800 ms (FindLiveObjects: 0.209200 ms CreateObjectMapping: 0.185100 ms MarkObjects: 1.761800 ms  DeleteObjects: 0.016900 ms)

========================================================================
Received Prepare
Registering precompiled user dll's ...
Registered in 0.001215 seconds.
Begin MonoManager ReloadAssembly
Native extension for WindowsStandalone target not found
Refreshing native plugins compatible for Editor in 0.39 ms, found 1 plugins.
Preloading 0 native plugins for Editor in 0.00 ms.
Mono: successfully reloaded assembly
- Completed reload, in  1.109 seconds
Platform modules already initialized, skipping
Refreshing native plugins compatible for Editor in 1.00 ms, found 1 plugins.
Preloading 0 native plugins for Editor in 0.00 ms.
Unloading 1799 Unused Serialized files (Serialized files now loaded: 0)
System memory in use before: 87.9 MB.
System memory in use after: 88.0 MB.

Unloading 7 unused Assets to reduce memory usage. Loaded Objects now: 2287.
Total: 2.086800 ms (FindLiveObjects: 0.204000 ms CreateObjectMapping: 0.068400 ms MarkObjects: 1.797000 ms  DeleteObjects: 0.015700 ms)

========================================================================
Received Prepare
Registering precompiled user dll's ...
Registered in 0.001185 seconds.
Begin MonoManager ReloadAssembly
Native extension for WindowsStandalone target not found
Refreshing native plugins compatible for Editor in 0.38 ms, found 1 plugins.
Preloading 0 native plugins for Editor in 0.00 ms.
Mono: successfully reloaded assembly
- Completed reload, in  1.764 seconds
Platform modules already initialized, skipping
Refreshing native plugins compatible for Editor in 0.41 ms, found 1 plugins.
Preloading 0 native plugins for Editor in 0.00 ms.
Unloading 1799 Unused Serialized files (Serialized files now loaded: 0)
System memory in use before: 87.9 MB.
System memory in use after: 88.1 MB.

Unloading 7 unused Assets to reduce memory usage. Loaded Objects now: 2291.
Total: 2.065600 ms (FindLiveObjects: 0.220200 ms CreateObjectMapping: 0.070700 ms MarkObjects: 1.747700 ms  DeleteObjects: 0.025800 ms)

========================================================================
Received Prepare
Registering precompiled user dll's ...
Registered in 0.001355 seconds.
Begin MonoManager ReloadAssembly
Native extension for WindowsStandalone target not found
Refreshing native plugins compatible for Editor in 0.39 ms, found 1 plugins.
Preloading 0 native plugins for Editor in 0.00 ms.
Mono: successfully reloaded assembly
- Completed reload, in  1.040 seconds
Platform modules already initialized, skipping
Refreshing native plugins compatible for Editor in 0.37 ms, found 1 plugins.
Preloading 0 native plugins for Editor in 0.00 ms.
Unloading 1799 Unused Serialized files (Serialized files now loaded: 0)
System memory in use before: 87.9 MB.
System memory in use after: 88.1 MB.

Unloading 7 unused Assets to reduce memory usage. Loaded Objects now: 2295.
Total: 2.612900 ms (FindLiveObjects: 0.314200 ms CreateObjectMapping: 0.120300 ms MarkObjects: 2.156700 ms  DeleteObjects: 0.020100 ms)

========================================================================
Received Prepare
Registering precompiled user dll's ...
Registered in 0.001712 seconds.
Begin MonoManager ReloadAssembly
Native extension for WindowsStandalone target not found
Refreshing native plugins compatible for Editor in 0.38 ms, found 1 plugins.
Preloading 0 native plugins for Editor in 0.00 ms.
Mono: successfully reloaded assembly
- Completed reload, in  1.013 seconds
Platform modules already initialized, skipping
Refreshing native plugins compatible for Editor in 0.41 ms, found 1 plugins.
Preloading 0 native plugins for Editor in 0.00 ms.
Unloading 1799 Unused Serialized files (Serialized files now loaded: 0)
System memory in use before: 88.0 MB.
System memory in use after: 88.1 MB.

Unloading 7 unused Assets to reduce memory usage. Loaded Objects now: 2299.
Total: 2.530400 ms (FindLiveObjects: 0.325000 ms CreateObjectMapping: 0.141000 ms MarkObjects: 2.043500 ms  DeleteObjects: 0.018800 ms)

========================================================================
Received Prepare
Registering precompiled user dll's ...
Registered in 0.001684 seconds.
Begin MonoManager ReloadAssembly
Native extension for WindowsStandalone target not found
Refreshing native plugins compatible for Editor in 0.37 ms, found 1 plugins.
Preloading 0 native plugins for Editor in 0.00 ms.
Mono: successfully reloaded assembly
- Completed reload, in  1.178 seconds
Platform modules already initialized, skipping
Refreshing native plugins compatible for Editor in 0.37 ms, found 1 plugins.
Preloading 0 native plugins for Editor in 0.00 ms.
Unloading 1799 Unused Serialized files (Serialized files now loaded: 0)
System memory in use before: 88.0 MB.
System memory in use after: 88.1 MB.

Unloading 7 unused Assets to reduce memory usage. Loaded Objects now: 2303.
Total: 2.124000 ms (FindLiveObjects: 0.220600 ms CreateObjectMapping: 0.076900 ms MarkObjects: 1.808900 ms  DeleteObjects: 0.016600 ms)

AssetImportWorkerClient::OnTransportError - code=2 error=End of file
